Loading failed for the <script> with source “https://static.cloudflareinsights.com/beacon.min.js”. combat:12:173
Content-Security-Policy: The page’s settings blocked a script (script-src-elem) at https://static.cloudflareinsights.com/beacon.min.js from being executed because it violates the following directive: “script-src 'self' 'unsafe-inline' 'unsafe-eval'” combat
Content-Security-Policy: The page’s settings blocked a style (style-src-elem) at https://fonts.googleapis.com/css2?family=Cinzel+Decorative:wght@700;900&family=Spectral:wght@400;600;700&family=Alegreya+Sans:wght@400;500;700&display=swap from being applied because it violates the following directive: “style-src 'self' 'unsafe-inline'” combat
Content-Security-Policy: The page’s settings blocked a style (style-src-elem) at https://fonts.googleapis.com/css2?family=Cinzel:wght@400;600;700;900&family=Crimson+Text:ital,wght@0,400;0,600;1,400&display=swap from being applied because it violates the following directive: “style-src 'self' 'unsafe-inline'” combat
[CombatWS] Sending REQUEST_STATE undefined index-CChn4zJQ.js:2070:63283
[CombatWS] Sending GM_ADD_ENTITY 
Object { entity: {…}, initiativeRoll: 23, initiativeTiebreaker: 0.11922489031493111, initiativeTiming: "end", combatId: "296b620d-c3af-4222-9f2f-5fe266f8b2a5", campaignId: "296b620d-c3af-4222-9f2f-5fe266f8b2a5" }
index-CChn4zJQ.js:2070:63283
[CombatWS] Sending GM_MOVE_ENTITY 
Object { entityId: "36ee3919-387c-4586-bedb-00172aae6dc0", targetQ: 2, targetR: 2, force: false, ignoreApCost: true }
index-CChn4zJQ.js:2070:63283
[CombatWS] Sending GM_ADD_ENTITY 
Object { entity: {…}, initiativeRoll: 10, initiativeTiebreaker: 0.7176521472310659, initiativeTiming: "end", combatId: "296b620d-c3af-4222-9f2f-5fe266f8b2a5", campaignId: "296b620d-c3af-4222-9f2f-5fe266f8b2a5" }
index-CChn4zJQ.js:2070:63283
[CombatWS] Sending GM_MOVE_ENTITY 
Object { entityId: "a31aa205-6817-47ee-9a4a-ad08f0b7e4e2", targetQ: 3, targetR: 3, force: false, ignoreApCost: true }
index-CChn4zJQ.js:2070:63283
[CombatWS] Sending START_COMBAT 
Object {  }
index-CChn4zJQ.js:2070:63283
Unexpected value NaN parsing width attribute. index-CChn4zJQ.js:33:5105
[CombatWS] Sending END_TURN 
Object { entityId: "a31aa205-6817-47ee-9a4a-ad08f0b7e4e2" }
index-CChn4zJQ.js:2070:63283
Unexpected value NaN parsing width attribute. index-CChn4zJQ.js:33:5105
