Loading failed for the <script> with source “https://static.cloudflareinsights.com/beacon.min.js”. combat:12:173
Content-Security-Policy: The page’s settings blocked a script (script-src-elem) at https://static.cloudflareinsights.com/beacon.min.js from being executed because it violates the following directive: “script-src 'self' 'unsafe-inline' 'unsafe-eval'” combat
Content-Security-Policy: The page’s settings blocked a style (style-src-elem) at https://fonts.googleapis.com/css2?family=Cinzel+Decorative:wght@700;900&family=Spectral:wght@400;600;700&family=Alegreya+Sans:wght@400;500;700&display=swap from being applied because it violates the following directive: “style-src 'self' 'unsafe-inline'” combat
Content-Security-Policy: The page’s settings blocked a style (style-src-elem) at https://fonts.googleapis.com/css2?family=Cinzel:wght@400;600;700;900&family=Crimson+Text:ital,wght@0,400;0,600;1,400&display=swap from being applied because it violates the following directive: “style-src 'self' 'unsafe-inline'” combat
[CombatWS] Sending REQUEST_STATE undefined index-CChn4zJQ.js:2070:63283
[CombatWS] Action rejected: 
Object { reason: "Unknown message type" }
index-CChn4zJQ.js:2070:62970
[CombatWS] Sending GM_ADD_ENTITY 
Object { entity: {…}, initiativeRoll: 28, initiativeTiebreaker: 0.11748130368021104, initiativeTiming: "end", combatId: "296b620d-c3af-4222-9f2f-5fe266f8b2a5", campaignId: "296b620d-c3af-4222-9f2f-5fe266f8b2a5" }
index-CChn4zJQ.js:2070:63283
[CombatWS] Sending GM_MOVE_ENTITY 
Object { entityId: "bd93bbed-e291-42c2-a0f8-b32c1ae8017b", targetQ: 2, targetR: 2, force: false, ignoreApCost: true }
index-CChn4zJQ.js:2070:63283
[CombatWS] Sending GM_ADD_ENTITY 
Object { entity: {…}, initiativeRoll: 10, initiativeTiebreaker: 0.6484479545263332, initiativeTiming: "end", combatId: "296b620d-c3af-4222-9f2f-5fe266f8b2a5", campaignId: "296b620d-c3af-4222-9f2f-5fe266f8b2a5" }
index-CChn4zJQ.js:2070:63283
[CombatWS] Sending GM_MOVE_ENTITY 
Object { entityId: "bc3cbea7-8945-4bf6-8b63-e464e3f1d399", targetQ: 4, targetR: 2, force: false, ignoreApCost: true }
index-CChn4zJQ.js:2070:63283
[CombatWS] Sending START_COMBAT 
Object {  }
index-CChn4zJQ.js:2070:63283
[CombatWS] Sending GM_MOVE_ENTITY 
Object { entityId: "bc3cbea7-8945-4bf6-8b63-e464e3f1d399", targetQ: 2, targetR: 4, force: false, ignoreApCost: true }
index-CChn4zJQ.js:2070:63283
[CombatWS] Action rejected: 
Object { reason: "Entity not found" }
index-CChn4zJQ.js:2070:62970
[CombatWS] Sending GM_MOVE_ENTITY 
Object { entityId: "bc3cbea7-8945-4bf6-8b63-e464e3f1d399", targetQ: 5, targetR: 2, force: false, ignoreApCost: true }
index-CChn4zJQ.js:2070:63283
[CombatWS] Action rejected: 
Object { reason: "Entity not found" }
index-CChn4zJQ.js:2070:62970
[CombatWS] Sending GM_APPLY_DAMAGE 
Object { entityId: "bc3cbea7-8945-4bf6-8b63-e464e3f1d399", damage: 10, damageType: "blunt" }
index-CChn4zJQ.js:2070:63283
[CombatWS] Sending GM_APPLY_DAMAGE 
Object { entityId: "bc3cbea7-8945-4bf6-8b63-e464e3f1d399", damage: 10, damageType: "blunt" }
index-CChn4zJQ.js:2070:63283
[CombatWS] Sending START_COMBAT 
Object {  }
index-CChn4zJQ.js:2070:63283
